{
  "RSpec": {
    "coverage": {
      "/Users/marysalemme/Desktop/Dev/week10/money_tracker_tech_test/spec/tracker_spec.rb": [
        1,
        null,
        1,
        4,
        null,
        1,
        1,
        null,
        null,
        1,
        1,
        null,
        null,
        1,
        1,
        null,
        null
      ],
      "/Users/marysalemme/Desktop/Dev/week10/money_tracker_tech_test/lib/tracker.rb": [
        1,
        null,
        1,
        null,
        1,
        3,
        3,
        3,
        null,
        null
      ]
    },
    "timestamp": 1502102429
  }
}
