{
  "RSpec": {
    "coverage": {
      "/Users/Viola/Desktop/Programming/MakersAcademy/WeeklyChallenges/TechTests/bank_tech_test/spec/features/account_feature_spec.rb": [
        1,
        1,
        null,
        null,
        null,
        null,
        null,
        null,
        null,
        null,
        null,
        1,
        2,
        null,
        1,
        null,
        1,
        2,
        null,
        null,
        null,
        null,
        null,
        null,
        null,
        null,
        null
      ],
      "/Users/Viola/Desktop/Programming/MakersAcademy/WeeklyChallenges/TechTests/bank_tech_test/lib/client.rb": [
        1,
        null,
        1,
        null,
        1,
        4,
        null,
        null,
        1,
        1,
        null,
        null,
        1,
        null,
        1,
        null,
        null,
        null
      ],
      "/Users/Viola/Desktop/Programming/MakersAcademy/WeeklyChallenges/TechTests/bank_tech_test/lib/transaction.rb": [
        1,
        null,
        1,
        null,
        1,
        1,
        1,
        1,
        1,
        null,
        null,
        null
      ],
      "/Users/Viola/Desktop/Programming/MakersAcademy/WeeklyChallenges/TechTests/bank_tech_test/spec/units/client_spec.rb": [
        1,
        null,
        1,
        2,
        3,
        4,
        3,
        3,
        null,
        null,
        3,
        null,
        null,
        1,
        null,
        1,
        1,
        null,
        null,
        1,
        1,
        1,
        null,
        null,
        null,
        null,
        1,
        null,
        1,
        1,
        1,
        null,
        null,
        1,
        1,
        null,
        null,
        1,
        1,
        null,
        null,
        null,
        null,
        null,
        1,
        null,
        1,
        1,
        1,
        null,
        null,
        1,
        1,
        null,
        null,
        1,
        1,
        null,
        null,
        null,
        null,
        null
      ],
      "/Users/Viola/Desktop/Programming/MakersAcademy/WeeklyChallenges/TechTests/bank_tech_test/spec/units/transaction_spec.rb": [
        1,
        null,
        1,
        2,
        2,
        2,
        2,
        null,
        1,
        null,
        1,
        1,
        null,
        null,
        1,
        1,
        null,
        null,
        1,
        1,
        null,
        null,
        null
      ]
    },
    "timestamp": 1459771475
  }
}
